[10:12:50] [Server thread/INFO]: Starting minecraft server version 1.7.2
[10:12:50] [Server thread/INFO]: Loading properties
[10:12:50] [Server thread/INFO]: Default game type: SURVIVAL
[10:12:50] [Server thread/INFO]: Generating keypair
[10:12:50] [Server thread/INFO]: Starting Minecraft server on *:25565
[10:12:51] [Server thread/INFO]: This server is running CraftBukkit version git-Bukkit-1.7.2-R0.3-b3020jnks (MC: 1.7.2) (Implementing API version 1.7.2-R0.3)
[10:12:51] [Server thread/ERROR]: ebean.properties not found
[10:12:51] [Server thread/WARN]: No Entities found in ClassPath using ClassPathReader [com.avaje.ebeaninternal.server.util.DefaultClassPathReader@5cc23b] Classpath Searched[[file:/C:/Users/Admin/SkyDrive/Programming/YRS2014/pod/Minecraft%20Server/craftbukkit-1.7.2-R0.3.jar]]
[10:12:51] [Server thread/INFO]: Classpath search hits in jars[] pkgs[]  searchTime[6]
[10:12:52] [Server thread/INFO]: DataSourcePool [BiomeEdit] autoCommit[false] transIsolation[SERIALIZABLE] min[2] max[20]
[10:12:52] [Thread-7/INFO]: ----- Bukkit Auto Updater -----
[10:12:52] [Thread-7/INFO]: It appears that you're running a Beta Build, when you've specified in bukkit.yml that you prefer to run Recommended Builds.
[10:12:52] [Thread-7/INFO]: If you would like to be kept informed about new Beta Build releases, it is recommended that you change 'preferred-channel' in your bukkit.yml to 'beta'.
[10:12:52] [Thread-7/INFO]: With that set, you will be told whenever a new version is available for download, so that you can always keep up to date and secure with the latest fixes.
[10:12:52] [Thread-7/INFO]: If you would like to disable this warning, simply set 'suggest-channels' to false in bukkit.yml.
[10:12:52] [Thread-7/INFO]: ----- ------------------- -----
[10:12:52] [Server thread/INFO]: SubClassFactory parent ClassLoader [org.bukkit.plugin.java.PluginClassLoader]
[10:12:53] [Server thread/INFO]: Entities enhanced[0] subclassed[0]
[10:12:53] [Server thread/INFO]: [Vault] Loading Vault v1.2.31-b411
[10:12:53] [Server thread/INFO]: [ProtocolLib] Loading ProtocolLib v3.4.0
[10:12:53] [Server thread/INFO]: [JSONAPI] Loading JSONAPI v5.6.0
[10:12:53] [Server thread/INFO]: [BiomeEdit] Loading BiomeEdit v1.0.1
[10:12:53] [Server thread/INFO]: [Vault] Enabling Vault v1.2.31-b411
[10:12:53] [Server thread/INFO]: [Vault] [Vault][Permission] SuperPermissions loaded as backup permission system.
[10:12:53] [Server thread/INFO]: [Vault] [Vault] Enabled Version 1.2.31-b411
[10:12:53] [Server thread/INFO]: [ProtocolLib] Enabling ProtocolLib v3.4.0
[10:12:53] [Server thread/INFO]: [ProtocolLib] Started structure compiler thread.
[10:12:53] [Server thread/INFO]: Preparing level "world"
[10:12:54] [Server thread/INFO]: Preparing start region for level 0 (Seed: 7365205319810965697)
[10:12:55] [Server thread/INFO]: Preparing spawn area: 32%
[10:12:56] [Server thread/INFO]: Preparing spawn area: 80%
[10:12:56] [Server thread/INFO]: Preparing start region for level 1 (Seed: 7365205319810965697)
[10:12:57] [Server thread/INFO]: Preparing spawn area: 42%
[10:12:58] [Server thread/INFO]: Preparing spawn area: 82%
[10:12:58] [Server thread/INFO]: Preparing start region for level 2 (Seed: 7365205319810965697)
[10:12:59] [Server thread/INFO]: [JSONAPI] Enabling JSONAPI v5.6.0
[10:12:59] [Server thread/INFO]: [JSONAPI] Logging to file: false
[10:12:59] [Server thread/INFO]: [JSONAPI] Logging to console: true
[10:12:59] [Server thread/INFO]: [JSONAPI] IP Whitelist = None, all requests are allowed.
[10:12:59] [Server thread/INFO]: [JSONAPI] Loaded methods.json.
[10:13:00] [Thread-12/INFO]: [JSONAPI] Waiting 2.000 seconds to load methods so that all the other plugins load...
[10:13:00] [Thread-12/INFO]: [JSONAPI] Any requests in this time will not work...
[10:13:00] [Server thread/INFO]: [JSONAPI] Attempting to use port 20059
[10:13:00] [Server thread/INFO]: [BiomeEdit] Enabling BiomeEdit v1.0.1
[10:13:00] [Server thread/INFO]: Server permissions file permissions.yml is empty, ignoring it
[10:13:00] [Server thread/INFO]: Done (6.298s)! For help, type "help" or "?"
[10:13:02] [Thread-12/INFO]: [JSONAPI] Dynmap cannot be loaded because it depends on a plugin that is not installed: 'dynmap'
[10:13:02] [Thread-12/INFO]: [JSONAPI] Remote Toolkit cannot be loaded because it depends on a plugin that is not installed: 'RemoteToolkitPlugin'
[10:13:02] [Thread-12/INFO]: [JSONAPI] Dynmap cannot be loaded because it depends on a plugin that is not installed: 'dynmap'
[10:13:02] [Thread-12/INFO]: [JSONAPI] Remote Toolkit methods cannot be loaded because it depends on a plugin that is not installed: 'RemoteToolkitPlugin'
[10:13:02] [Thread-12/INFO]: [JSONAPI] 384 methods loaded in 7 namespaces.
[10:13:02] [Thread-12/INFO]: [JSONAPI] ------[Connection information]-------
[10:13:02] [Thread-12/INFO]: [JSONAPI] JSON Server listening on 20059
[10:13:02] [Thread-12/INFO]: [JSONAPI] JSON Stream Server listening on 20060
[10:13:02] [Thread-12/INFO]: [JSONAPI] JSON WebSocket Stream Server listening on 20061
[10:13:02] [Thread-12/INFO]: [JSONAPI] Active and listening for requests.
[10:13:02] [Server thread/INFO]: [ProtocolLib] The updater did not find an update, and nothing was downloaded.
[10:13:02] [pool-3-thread-4/INFO]: [Vault] Checking for Updates:
[10:13:02] [pool-3-thread-4/WARN]: [Vault] Stable Version: 1.4.1 is out! You are still running version: 1.2.31
[10:13:02] [pool-3-thread-4/WARN]: [Vault] Update at: http://dev.bukkit.org/server-mods/vault
[10:13:03] [Thread-12/INFO]: [JSONAPI] External IP: <html>
[10:13:03] [Thread-12/INFO]: [JSONAPI] Port 20059 is not properly forwarded.
[10:13:03] [Thread-12/INFO]: [JSONAPI] Port 20060 is not properly forwarded.
[10:13:03] [Thread-12/INFO]: [JSONAPI] Port 20061 is not properly forwarded.
[10:13:03] [Thread-12/INFO]: [JSONAPI] -------------------------------------
[10:13:13] [Thread-20/INFO]: [JSONAPI] [API Request] admin requested: server.run_command(["weather clear"]){AUTHED, ALLOWED} 
[10:13:13] [Server thread/INFO]: Command run by remote user: 'weather clear'
[10:13:13] [Server thread/INFO]: CONSOLE: Changed weather to clear for 352 seconds.
[10:13:20] [Thread-21/INFO]: [JSONAPI] [API Request] admin requested: server.run_command(["weather rain"]){AUTHED, ALLOWED} 
[10:13:20] [Server thread/INFO]: Command run by remote user: 'weather rain'
[10:13:20] [Server thread/INFO]: CONSOLE: Changed weather to rainy for 681 seconds.
[10:13:22] [Thread-22/INFO]: [JSONAPI] [API Request] admin requested: server.run_command(["weather rain"]){AUTHED, ALLOWED} 
[10:13:22] [Server thread/INFO]: Command run by remote user: 'weather rain'
[10:13:22] [Server thread/INFO]: CONSOLE: Changed weather to rainy for 661 seconds.
[10:19:38] [Thread-23/INFO]: [JSONAPI] [API Request] admin requested: server.run_command(["setblock 111 69 97 minecraft:redstone_torch"]){AUTHED, ALLOWED} 
[10:19:38] [Server thread/INFO]: Command run by remote user: 'setblock 111 69 97 minecraft:redstone_torch'
[10:19:38] [Server thread/INFO]: Block placed
[10:19:38] [Thread-24/INFO]: [JSONAPI] [API Request] admin requested: server.run_command(["setblock 111 69 96 minecraft:redstone_torch"]){AUTHED, ALLOWED} 
[10:19:38] [Server thread/INFO]: Command run by remote user: 'setblock 111 69 96 minecraft:redstone_torch'
[10:19:38] [Server thread/INFO]: Block placed
[10:19:38] [Thread-25/INFO]: [JSONAPI] [API Request] admin requested: server.run_command(["setblock 113 70 94 minecraft:redstone_torch"]){AUTHED, ALLOWED} 
[10:19:38] [Server thread/INFO]: Command run by remote user: 'setblock 113 70 94 minecraft:redstone_torch'
[10:19:38] [Server thread/INFO]: Block placed
[10:19:38] [Thread-26/INFO]: [JSONAPI] [API Request] admin requested: server.run_command(["setblock 113 70 99 minecraft:redstone_torch"]){AUTHED, ALLOWED} 
[10:19:38] [Server thread/INFO]: Command run by remote user: 'setblock 113 70 99 minecraft:redstone_torch'
[10:19:38] [Server thread/INFO]: Block placed
[10:19:38] [Thread-27/INFO]: [JSONAPI] [API Request] admin requested: server.run_command(["setblock 111 69 97 minecraft:redstone_torch"]){AUTHED, ALLOWED} 
[10:19:38] [Server thread/INFO]: Command run by remote user: 'setblock 111 69 97 minecraft:redstone_torch'
[10:19:38] [Server thread/INFO]: Block placed
[10:19:38] [Thread-28/INFO]: [JSONAPI] [API Request] admin requested: server.run_command(["setblock 111 69 96 minecraft:redstone_torch"]){AUTHED, ALLOWED} 
[10:19:38] [Server thread/INFO]: Command run by remote user: 'setblock 111 69 96 minecraft:redstone_torch'
[10:19:38] [Server thread/INFO]: Block placed
[10:19:38] [Thread-29/INFO]: [JSONAPI] [API Request] admin requested: server.run_command(["setblock 113 70 94 minecraft:redstone_torch"]){AUTHED, ALLOWED} 
[10:19:38] [Server thread/INFO]: Command run by remote user: 'setblock 113 70 94 minecraft:redstone_torch'
[10:19:38] [Server thread/INFO]: Block placed
[10:19:39] [Thread-30/INFO]: [JSONAPI] [API Request] admin requested: server.run_command(["setblock 113 70 99 minecraft:redstone_torch"]){AUTHED, ALLOWED} 
[10:19:39] [Server thread/INFO]: Command run by remote user: 'setblock 113 70 99 minecraft:redstone_torch'
[10:19:39] [Server thread/INFO]: Block placed
[10:19:39] [Thread-31/INFO]: [JSONAPI] [API Request] admin requested: server.run_command(["setblock 111 69 97 minecraft:air"]){AUTHED, ALLOWED} 
[10:19:39] [Server thread/INFO]: Command run by remote user: 'setblock 111 69 97 minecraft:air'
[10:19:39] [Server thread/INFO]: Block placed
[10:19:39] [Thread-32/INFO]: [JSONAPI] [API Request] admin requested: server.run_command(["setblock 111 69 96 minecraft:air"]){AUTHED, ALLOWED} 
[10:19:39] [Server thread/INFO]: Command run by remote user: 'setblock 111 69 96 minecraft:air'
[10:19:39] [Server thread/INFO]: Block placed
[10:19:39] [Thread-33/INFO]: [JSONAPI] [API Request] admin requested: server.run_command(["setblock 113 70 94 minecraft:air"]){AUTHED, ALLOWED} 
[10:19:39] [Server thread/INFO]: Command run by remote user: 'setblock 113 70 94 minecraft:air'
[10:19:39] [Server thread/INFO]: Block placed
[10:19:39] [Thread-34/INFO]: [JSONAPI] [API Request] admin requested: server.run_command(["setblock 113 70 99 minecraft:air"]){AUTHED, ALLOWED} 
[10:19:39] [Server thread/INFO]: Command run by remote user: 'setblock 113 70 99 minecraft:air'
[10:19:39] [Server thread/INFO]: Block placed
[10:19:39] [Thread-35/INFO]: [JSONAPI] [API Request] admin requested: server.run_command(["setblock 111 69 97 minecraft:air"]){AUTHED, ALLOWED} 
[10:19:39] [Server thread/INFO]: Command run by remote user: 'setblock 111 69 97 minecraft:air'
[10:19:39] [Server thread/INFO]: The block couldn't be placed
[10:19:39] [Thread-36/INFO]: [JSONAPI] [API Request] admin requested: server.run_command(["setblock 111 69 96 minecraft:air"]){AUTHED, ALLOWED} 
[10:19:39] [Server thread/INFO]: Command run by remote user: 'setblock 111 69 96 minecraft:air'
[10:19:39] [Server thread/INFO]: The block couldn't be placed
[10:19:39] [Thread-37/INFO]: [JSONAPI] [API Request] admin requested: server.run_command(["setblock 113 70 94 minecraft:air"]){AUTHED, ALLOWED} 
[10:19:39] [Server thread/INFO]: Command run by remote user: 'setblock 113 70 94 minecraft:air'
[10:19:39] [Server thread/INFO]: The block couldn't be placed
[10:19:39] [Thread-38/INFO]: [JSONAPI] [API Request] admin requested: server.run_command(["setblock 113 70 99 minecraft:air"]){AUTHED, ALLOWED} 
[10:19:39] [Server thread/INFO]: Command run by remote user: 'setblock 113 70 99 minecraft:air'
[10:19:39] [Server thread/INFO]: The block couldn't be placed
[10:19:41] [Thread-39/INFO]: [JSONAPI] [API Request] admin requested: server.run_command(["setblock 111 69 97 minecraft:redstone_torch"]){AUTHED, ALLOWED} 
[10:19:41] [Server thread/INFO]: Command run by remote user: 'setblock 111 69 97 minecraft:redstone_torch'
[10:19:41] [Server thread/INFO]: Block placed
[10:19:41] [Thread-40/INFO]: [JSONAPI] [API Request] admin requested: server.run_command(["setblock 111 69 96 minecraft:redstone_torch"]){AUTHED, ALLOWED} 
[10:19:41] [Server thread/INFO]: Command run by remote user: 'setblock 111 69 96 minecraft:redstone_torch'
[10:19:41] [Server thread/INFO]: Block placed
[10:19:41] [Thread-41/INFO]: [JSONAPI] [API Request] admin requested: server.run_command(["setblock 113 70 94 minecraft:redstone_torch"]){AUTHED, ALLOWED} 
[10:19:41] [Server thread/INFO]: Command run by remote user: 'setblock 113 70 94 minecraft:redstone_torch'
[10:19:41] [Server thread/INFO]: Block placed
[10:19:41] [Thread-42/INFO]: [JSONAPI] [API Request] admin requested: server.run_command(["setblock 113 70 99 minecraft:redstone_torch"]){AUTHED, ALLOWED} 
[10:19:41] [Server thread/INFO]: Command run by remote user: 'setblock 113 70 99 minecraft:redstone_torch'
[10:19:41] [Server thread/INFO]: Block placed
[10:19:41] [Thread-43/INFO]: [JSONAPI] [API Request] admin requested: server.run_command(["setblock 111 69 97 minecraft:redstone_torch"]){AUTHED, ALLOWED} 
[10:19:41] [Server thread/INFO]: Command run by remote user: 'setblock 111 69 97 minecraft:redstone_torch'
[10:19:41] [Server thread/INFO]: Block placed
[10:19:41] [Thread-44/INFO]: [JSONAPI] [API Request] admin requested: server.run_command(["setblock 111 69 96 minecraft:redstone_torch"]){AUTHED, ALLOWED} 
[10:19:41] [Server thread/INFO]: Command run by remote user: 'setblock 111 69 96 minecraft:redstone_torch'
[10:19:41] [Server thread/INFO]: Block placed
[10:19:41] [Thread-45/INFO]: [JSONAPI] [API Request] admin requested: server.run_command(["setblock 113 70 94 minecraft:redstone_torch"]){AUTHED, ALLOWED} 
[10:19:41] [Server thread/INFO]: Command run by remote user: 'setblock 113 70 94 minecraft:redstone_torch'
[10:19:41] [Server thread/INFO]: Block placed
[10:19:41] [Thread-46/INFO]: [JSONAPI] [API Request] admin requested: server.run_command(["setblock 113 70 99 minecraft:redstone_torch"]){AUTHED, ALLOWED} 
[10:19:41] [Server thread/INFO]: Command run by remote user: 'setblock 113 70 99 minecraft:redstone_torch'
[10:19:41] [Server thread/INFO]: Block placed
[10:20:37] [Thread-47/INFO]: [JSONAPI] [API Request] admin requested: server.run_command(["weather rain"]){AUTHED, ALLOWED} 
[10:20:37] [Server thread/INFO]: Command run by remote user: 'weather rain'
[10:20:37] [Server thread/INFO]: CONSOLE: Changed weather to rainy for 346 seconds.
[10:20:37] [Thread-48/INFO]: [JSONAPI] [API Request] admin requested: server.run_command(["weather rain"]){AUTHED, ALLOWED} 
[10:20:37] [Server thread/INFO]: Command run by remote user: 'weather rain'
[10:20:37] [Server thread/INFO]: CONSOLE: Changed weather to rainy for 610 seconds.
[10:20:38] [Thread-49/INFO]: [JSONAPI] [API Request] admin requested: server.run_command(["weather rain"]){AUTHED, ALLOWED} 
[10:20:38] [Server thread/INFO]: Command run by remote user: 'weather rain'
[10:20:38] [Server thread/INFO]: CONSOLE: Changed weather to rainy for 874 seconds.
[10:20:39] [Thread-50/INFO]: [JSONAPI] [API Request] admin requested: server.run_command(["weather rain"]){AUTHED, ALLOWED} 
[10:20:39] [Server thread/INFO]: Command run by remote user: 'weather rain'
[10:20:39] [Server thread/INFO]: CONSOLE: Changed weather to rainy for 412 seconds.
[10:20:39] [Thread-51/INFO]: [JSONAPI] [API Request] admin requested: server.run_command(["weather rain"]){AUTHED, ALLOWED} 
[10:20:39] [Server thread/INFO]: Command run by remote user: 'weather rain'
[10:20:39] [Server thread/INFO]: CONSOLE: Changed weather to rainy for 449 seconds.
[10:20:44] [Thread-52/INFO]: [JSONAPI] [API Request] admin requested: server.run_command(["weather rain"]){AUTHED, ALLOWED} 
[10:20:44] [Server thread/INFO]: Command run by remote user: 'weather rain'
[10:20:44] [Server thread/INFO]: CONSOLE: Changed weather to rainy for 514 seconds.
[10:20:44] [Thread-53/INFO]: [JSONAPI] [API Request] admin requested: server.run_command(["setblock 123 71 97 minecraft:redstone_torch"]){AUTHED, ALLOWED} 
[10:20:44] [Server thread/INFO]: Command run by remote user: 'setblock 123 71 97 minecraft:redstone_torch'
[10:20:44] [Server thread/INFO]: Block placed
[10:20:44] [Thread-54/INFO]: [JSONAPI] [API Request] admin requested: server.run_command(["setblock 123 71 97 minecraft:air"]){AUTHED, ALLOWED} 
[10:20:44] [Server thread/INFO]: Command run by remote user: 'setblock 123 71 97 minecraft:air'
[10:20:44] [Server thread/INFO]: Block placed
[10:20:44] [Thread-55/INFO]: [JSONAPI] [API Request] admin requested: server.run_command(["weather rain"]){AUTHED, ALLOWED} 
[10:20:44] [Server thread/INFO]: Command run by remote user: 'weather rain'
[10:20:44] [Server thread/INFO]: CONSOLE: Changed weather to rainy for 583 seconds.
[10:20:44] [Thread-56/INFO]: [JSONAPI] [API Request] admin requested: server.run_command(["weather rain"]){AUTHED, ALLOWED} 
[10:20:44] [Server thread/INFO]: Command run by remote user: 'weather rain'
[10:20:44] [Server thread/INFO]: CONSOLE: Changed weather to rainy for 826 seconds.
[10:20:45] [Thread-57/INFO]: [JSONAPI] [API Request] admin requested: server.run_command(["weather rain"]){AUTHED, ALLOWED} 
[10:20:45] [Server thread/INFO]: Command run by remote user: 'weather rain'
[10:20:45] [Server thread/INFO]: CONSOLE: Changed weather to rainy for 761 seconds.
[10:20:45] [Thread-58/INFO]: [JSONAPI] [API Request] admin requested: server.run_command(["weather rain"]){AUTHED, ALLOWED} 
[10:20:45] [Server thread/INFO]: Command run by remote user: 'weather rain'
[10:20:45] [Server thread/INFO]: CONSOLE: Changed weather to rainy for 626 seconds.
[10:20:46] [Thread-59/INFO]: [JSONAPI] [API Request] admin requested: server.run_command(["weather rain"]){AUTHED, ALLOWED} 
[10:20:46] [Server thread/INFO]: Command run by remote user: 'weather rain'
[10:20:46] [Server thread/INFO]: CONSOLE: Changed weather to rainy for 621 seconds.
[10:20:46] [Thread-60/INFO]: [JSONAPI] [API Request] admin requested: server.run_command(["weather rain"]){AUTHED, ALLOWED} 
[10:20:46] [Server thread/INFO]: Command run by remote user: 'weather rain'
[10:20:46] [Server thread/INFO]: CONSOLE: Changed weather to rainy for 705 seconds.
[10:20:46] [Thread-61/INFO]: [JSONAPI] [API Request] admin requested: server.run_command(["setblock 119 71 97 minecraft:air"]){AUTHED, ALLOWED} 
[10:20:46] [Server thread/INFO]: Command run by remote user: 'setblock 119 71 97 minecraft:air'
[10:20:46] [Server thread/INFO]: The block couldn't be placed
[10:20:46] [Thread-62/INFO]: [JSONAPI] [API Request] admin requested: server.run_command(["weather rain"]){AUTHED, ALLOWED} 
[10:20:46] [Server thread/INFO]: Command run by remote user: 'weather rain'
[10:20:46] [Server thread/INFO]: CONSOLE: Changed weather to rainy for 607 seconds.
[10:20:47] [Thread-63/INFO]: [JSONAPI] [API Request] admin requested: server.run_command(["weather rain"]){AUTHED, ALLOWED} 
[10:20:47] [Server thread/INFO]: Command run by remote user: 'weather rain'
[10:20:47] [Server thread/INFO]: CONSOLE: Changed weather to rainy for 524 seconds.
[10:20:47] [Thread-64/INFO]: [JSONAPI] [API Request] admin requested: server.run_command(["weather rain"]){AUTHED, ALLOWED} 
[10:20:47] [Server thread/INFO]: Command run by remote user: 'weather rain'
[10:20:47] [Server thread/INFO]: CONSOLE: Changed weather to rainy for 378 seconds.
[10:20:51] [Thread-65/INFO]: [JSONAPI] [API Request] admin requested: server.run_command(["weather rain"]){AUTHED, ALLOWED} 
[10:20:51] [Server thread/INFO]: Command run by remote user: 'weather rain'
[10:20:51] [Server thread/INFO]: CONSOLE: Changed weather to rainy for 883 seconds.
[10:20:52] [Thread-66/INFO]: [JSONAPI] [API Request] admin requested: server.run_command(["weather rain"]){AUTHED, ALLOWED} 
[10:20:52] [Server thread/INFO]: Command run by remote user: 'weather rain'
[10:20:52] [Server thread/INFO]: CONSOLE: Changed weather to rainy for 853 seconds.
[10:20:52] [Thread-67/INFO]: [JSONAPI] [API Request] admin requested: server.run_command(["weather rain"]){AUTHED, ALLOWED} 
[10:20:52] [Server thread/INFO]: Command run by remote user: 'weather rain'
[10:20:52] [Server thread/INFO]: CONSOLE: Changed weather to rainy for 776 seconds.
[10:20:58] [Thread-68/INFO]: [JSONAPI] [API Request] admin requested: server.run_command(["weather rain"]){AUTHED, ALLOWED} 
[10:20:58] [Server thread/INFO]: Command run by remote user: 'weather rain'
[10:20:58] [Server thread/INFO]: CONSOLE: Changed weather to rainy for 849 seconds.
[10:20:58] [Thread-69/INFO]: [JSONAPI] [API Request] admin requested: server.run_command(["weather rain"]){AUTHED, ALLOWED} 
[10:20:58] [Server thread/INFO]: Command run by remote user: 'weather rain'
[10:20:58] [Server thread/INFO]: CONSOLE: Changed weather to rainy for 467 seconds.
[10:21:00] [Thread-70/INFO]: [JSONAPI] [API Request] admin requested: server.run_command(["weather rain"]){AUTHED, ALLOWED} 
[10:21:00] [Server thread/INFO]: Command run by remote user: 'weather rain'
[10:21:00] [Server thread/INFO]: CONSOLE: Changed weather to rainy for 521 seconds.
[10:21:00] [Thread-71/INFO]: [JSONAPI] [API Request] admin requested: server.run_command(["weather rain"]){AUTHED, ALLOWED} 
[10:21:00] [Server thread/INFO]: Command run by remote user: 'weather rain'
[10:21:00] [Server thread/INFO]: CONSOLE: Changed weather to rainy for 464 seconds.
[10:21:01] [Thread-72/INFO]: [JSONAPI] [API Request] admin requested: server.run_command(["weather rain"]){AUTHED, ALLOWED} 
[10:21:01] [Server thread/INFO]: Command run by remote user: 'weather rain'
[10:21:01] [Server thread/INFO]: CONSOLE: Changed weather to rainy for 782 seconds.
[10:21:02] [Thread-73/INFO]: [JSONAPI] [API Request] admin requested: server.run_command(["weather rain"]){AUTHED, ALLOWED} 
[10:21:02] [Server thread/INFO]: Command run by remote user: 'weather rain'
[10:21:02] [Server thread/INFO]: CONSOLE: Changed weather to rainy for 647 seconds.
[10:21:30] [Thread-74/INFO]: [JSONAPI] [API Request] admin requested: server.run_command(["weather rain"]){AUTHED, ALLOWED} 
[10:21:30] [Server thread/INFO]: Command run by remote user: 'weather rain'
[10:21:30] [Server thread/INFO]: CONSOLE: Changed weather to rainy for 513 seconds.
[10:21:30] [Thread-75/INFO]: [JSONAPI] [API Request] admin requested: server.run_command(["weather rain"]){AUTHED, ALLOWED} 
[10:21:30] [Server thread/INFO]: Command run by remote user: 'weather rain'
[10:21:30] [Server thread/INFO]: CONSOLE: Changed weather to rainy for 699 seconds.
[10:21:31] [Thread-76/INFO]: [JSONAPI] [API Request] admin requested: server.run_command(["weather rain"]){AUTHED, ALLOWED} 
[10:21:31] [Server thread/INFO]: Command run by remote user: 'weather rain'
[10:21:31] [Server thread/INFO]: CONSOLE: Changed weather to rainy for 799 seconds.
[10:21:58] [Thread-77/INFO]: [JSONAPI] [API Request] admin requested: server.run_command(["weather rain"]){AUTHED, ALLOWED} 
[10:21:58] [Server thread/INFO]: Command run by remote user: 'weather rain'
[10:21:58] [Server thread/INFO]: CONSOLE: Changed weather to rainy for 517 seconds.
[10:21:59] [Thread-78/INFO]: [JSONAPI] [API Request] admin requested: server.run_command(["weather rain"]){AUTHED, ALLOWED} 
[10:21:59] [Server thread/INFO]: Command run by remote user: 'weather rain'
[10:21:59] [Server thread/INFO]: CONSOLE: Changed weather to rainy for 526 seconds.
[10:21:59] [Thread-79/INFO]: [JSONAPI] [API Request] admin requested: server.run_command(["weather rain"]){AUTHED, ALLOWED} 
[10:21:59] [Server thread/INFO]: Command run by remote user: 'weather rain'
[10:21:59] [Server thread/INFO]: CONSOLE: Changed weather to rainy for 414 seconds.
[10:22:00] [Thread-80/INFO]: [JSONAPI] [API Request] admin requested: server.run_command(["weather rain"]){AUTHED, ALLOWED} 
[10:22:00] [Server thread/INFO]: Command run by remote user: 'weather rain'
[10:22:00] [Server thread/INFO]: CONSOLE: Changed weather to rainy for 886 seconds.
[10:22:01] [Thread-81/INFO]: [JSONAPI] [API Request] admin requested: server.run_command(["weather rain"]){AUTHED, ALLOWED} 
[10:22:01] [Server thread/INFO]: Command run by remote user: 'weather rain'
[10:22:01] [Server thread/INFO]: CONSOLE: Changed weather to rainy for 739 seconds.
[10:22:01] [Thread-82/INFO]: [JSONAPI] [API Request] admin requested: server.run_command(["weather rain"]){AUTHED, ALLOWED} 
[10:22:01] [Server thread/INFO]: Command run by remote user: 'weather rain'
[10:22:01] [Server thread/INFO]: CONSOLE: Changed weather to rainy for 884 seconds.
[10:22:02] [Thread-83/INFO]: [JSONAPI] [API Request] admin requested: server.run_command(["weather rain"]){AUTHED, ALLOWED} 
[10:22:02] [Server thread/INFO]: Command run by remote user: 'weather rain'
[10:22:02] [Server thread/INFO]: CONSOLE: Changed weather to rainy for 514 seconds.
[10:22:02] [Thread-84/INFO]: [JSONAPI] [API Request] admin requested: server.run_command(["weather rain"]){AUTHED, ALLOWED} 
[10:22:02] [Server thread/INFO]: Command run by remote user: 'weather rain'
[10:22:02] [Server thread/INFO]: CONSOLE: Changed weather to rainy for 855 seconds.
[10:22:03] [Thread-85/INFO]: [JSONAPI] [API Request] admin requested: server.run_command(["weather rain"]){AUTHED, ALLOWED} 
[10:22:03] [Server thread/INFO]: Command run by remote user: 'weather rain'
[10:22:03] [Server thread/INFO]: CONSOLE: Changed weather to rainy for 479 seconds.
[10:22:03] [Thread-86/INFO]: [JSONAPI] [API Request] admin requested: server.run_command(["weather rain"]){AUTHED, ALLOWED} 
[10:22:03] [Server thread/INFO]: Command run by remote user: 'weather rain'
[10:22:03] [Server thread/INFO]: CONSOLE: Changed weather to rainy for 822 seconds.
[10:24:56] [Thread-87/INFO]: [JSONAPI] [API Request] admin requested: server.run_command(["weather rain"]){AUTHED, ALLOWED} 
[10:24:56] [Server thread/INFO]: Command run by remote user: 'weather rain'
[10:24:56] [Server thread/INFO]: CONSOLE: Changed weather to rainy for 843 seconds.
[10:24:56] [Thread-88/INFO]: [JSONAPI] [API Request] admin requested: server.run_command(["weather rain"]){AUTHED, ALLOWED} 
[10:24:56] [Server thread/INFO]: Command run by remote user: 'weather rain'
[10:24:56] [Server thread/INFO]: CONSOLE: Changed weather to rainy for 745 seconds.
[10:24:57] [Thread-89/INFO]: [JSONAPI] [API Request] admin requested: server.run_command(["weather rain"]){AUTHED, ALLOWED} 
[10:24:57] [Server thread/INFO]: Command run by remote user: 'weather rain'
[10:24:57] [Server thread/INFO]: CONSOLE: Changed weather to rainy for 799 seconds.
[10:24:57] [Thread-90/INFO]: [JSONAPI] [API Request] admin requested: server.run_command(["weather rain"]){AUTHED, ALLOWED} 
[10:24:57] [Server thread/INFO]: Command run by remote user: 'weather rain'
[10:24:57] [Server thread/INFO]: CONSOLE: Changed weather to rainy for 795 seconds.
[10:24:57] [Thread-91/INFO]: [JSONAPI] [API Request] admin requested: server.run_command(["weather rain"]){AUTHED, ALLOWED} 
[10:24:58] [Server thread/INFO]: Command run by remote user: 'weather rain'
[10:24:58] [Server thread/INFO]: CONSOLE: Changed weather to rainy for 413 seconds.
[10:24:58] [Thread-92/INFO]: [JSONAPI] [API Request] admin requested: server.run_command(["weather rain"]){AUTHED, ALLOWED} 
[10:24:58] [Server thread/INFO]: Command run by remote user: 'weather rain'
[10:24:58] [Server thread/INFO]: CONSOLE: Changed weather to rainy for 784 seconds.
[10:24:58] [Thread-93/INFO]: [JSONAPI] [API Request] admin requested: server.run_command(["weather rain"]){AUTHED, ALLOWED} 
[10:24:58] [Server thread/INFO]: Command run by remote user: 'weather rain'
[10:24:58] [Server thread/INFO]: CONSOLE: Changed weather to rainy for 426 seconds.
[10:26:21] [Thread-94/INFO]: [JSONAPI] [API Request] admin requested: server.run_command(["weather rain"]){AUTHED, ALLOWED} 
[10:26:21] [Server thread/INFO]: Command run by remote user: 'weather rain'
[10:26:21] [Server thread/INFO]: CONSOLE: Changed weather to rainy for 375 seconds.
[10:26:22] [Thread-95/INFO]: [JSONAPI] [API Request] admin requested: server.run_command(["weather rain"]){AUTHED, ALLOWED} 
[10:26:22] [Server thread/INFO]: Command run by remote user: 'weather rain'
[10:26:22] [Server thread/INFO]: CONSOLE: Changed weather to rainy for 611 seconds.
[10:26:23] [Thread-96/INFO]: [JSONAPI] [API Request] admin requested: server.run_command(["weather rain"]){AUTHED, ALLOWED} 
[10:26:23] [Server thread/INFO]: Command run by remote user: 'weather rain'
[10:26:23] [Server thread/INFO]: CONSOLE: Changed weather to rainy for 877 seconds.
[10:26:30] [Thread-97/INFO]: [JSONAPI] [API Request] admin requested: server.run_command(["weather rain"]){AUTHED, ALLOWED} 
[10:26:30] [Server thread/INFO]: Command run by remote user: 'weather rain'
[10:26:30] [Server thread/INFO]: CONSOLE: Changed weather to rainy for 795 seconds.
[10:26:31] [Thread-98/INFO]: [JSONAPI] [API Request] admin requested: server.run_command(["weather rain"]){AUTHED, ALLOWED} 
[10:26:31] [Server thread/INFO]: Command run by remote user: 'weather rain'
[10:26:31] [Server thread/INFO]: CONSOLE: Changed weather to rainy for 468 seconds.
